2014/06/05 05:22:34 [error] [exception.CException] exception 'CException' with message 'Property "UserIdentity.pasword" is not defined.' in /Users/stevenrho/Documents/lifedom/webroot/yii/framework/base/CComponent.php:130
Stack trace:
#0 /Users/stevenrho/Documents/lifedom/webroot/lifedom/protected/components/UserIdentity.php(22): CComponent->__get('pasword')
#1 /Users/stevenrho/Documents/lifedom/webroot/lifedom/protected/models/LoginForm.php(52): UserIdentity->authenticate()
#2 /Users/stevenrho/Documents/lifedom/webroot/yii/framework/validators/CInlineValidator.php(42): LoginForm->authenticate('password', Array)
#3 /Users/stevenrho/Documents/lifedom/webroot/yii/framework/validators/CValidator.php(213): CInlineValidator->validateAttribute(Object(LoginForm), 'password')
#4 /Users/stevenrho/Documents/lifedom/webroot/yii/framework/base/CModel.php(159): CValidator->validate(Object(LoginForm), NULL)
#5 /Users/stevenrho/Documents/lifedom/webroot/lifedom/protected/controllers/SiteController.php(94): CModel->validate()
#6 /Users/stevenrho/Documents/lifedom/webroot/yii/framework/web/actions/CInlineAction.php(49): SiteController->actionLogin()
#7 /Users/stevenrho/Documents/lifedom/webroot/yii/framework/web/CController.php(308): CInlineAction->runWithParams(Array)
#8 /Users/stevenrho/Documents/lifedom/webroot/yii/framework/web/CController.php(286): CController->runAction(Object(CInlineAction))
#9 /Users/stevenrho/Documents/lifedom/webroot/yii/framework/web/CController.php(265): CController->runActionWithFilters(Object(CInlineAction), Array)
#10 /Users/stevenrho/Documents/lifedom/webroot/yii/framework/web/CWebApplication.php(282): CController->run('login')
#11 /Users/stevenrho/Documents/lifedom/webroot/yii/framework/web/CWebApplication.php(141): CWebApplication->runController('site/login')
#12 /Users/stevenrho/Documents/lifedom/webroot/yii/framework/base/CApplication.php(180): CWebApplication->processRequest()
#13 /Users/stevenrho/Documents/lifedom/webroot/lifedom/index.php(13): CApplication->run()
#14 {main}
REQUEST_URI=/lifedom/index.php?r=site/login
HTTP_REFERER=http://localhost/lifedom/index.php?r=site/login
---
2014/06/14 08:22:45 [error] [exception.CHttpException.403] exception 'CHttpException' with message 'You are not authorized to perform this action.' in /Users/stevenrho/Documents/lifedom/webroot/yii/framework/web/auth/CAccessControlFilter.php:182
Stack trace:
#0 /Users/stevenrho/Documents/lifedom/webroot/yii/framework/web/auth/CAccessControlFilter.php(145): CAccessControlFilter->accessDenied(Object(CWebUser), 'You are not aut...')
#1 /Users/stevenrho/Documents/lifedom/webroot/yii/framework/web/filters/CFilter.php(38): CAccessControlFilter->preFilter(Object(CFilterChain))
#2 /Users/stevenrho/Documents/lifedom/webroot/yii/framework/web/CController.php(1145): CFilter->filter(Object(CFilterChain))
#3 /Users/stevenrho/Documents/lifedom/webroot/yii/framework/web/filters/CInlineFilter.php(58): CController->filterAccessControl(Object(CFilterChain))
#4 /Users/stevenrho/Documents/lifedom/webroot/yii/framework/web/filters/CFilterChain.php(130): CInlineFilter->filter(Object(CFilterChain))
#5 /Users/stevenrho/Documents/lifedom/webroot/yii/framework/web/CController.php(291): CFilterChain->run()
#6 /Users/stevenrho/Documents/lifedom/webroot/yii/framework/web/CController.php(265): CController->runActionWithFilters(Object(CInlineAction), Array)
#7 /Users/stevenrho/Documents/lifedom/webroot/yii/framework/web/CWebApplication.php(282): CController->run('admin')
#8 /Users/stevenrho/Documents/lifedom/webroot/yii/framework/web/CWebApplication.php(141): CWebApplication->runController('post/admin')
#9 /Users/stevenrho/Documents/lifedom/webroot/yii/framework/base/CApplication.php(180): CWebApplication->processRequest()
#10 /Users/stevenrho/Documents/lifedom/webroot/lifedom/index.php(13): CApplication->run()
#11 {main}
REQUEST_URI=/lifedom/index.php?r=post/admin
HTTP_REFERER=http://localhost/lifedom/index.php?r=post
---
2014/06/16 10:20:59 [error] [exception.CException] exception 'CException' with message 'SiteController contains improperly nested widget tags in its view "/Users/stevenrho/Documents/lifedom/webroot/lifedom/protected/views//layouts/main.php". A UserMenu widget does not have an endWidget() call.' in /Users/stevenrho/Documents/lifedom/webroot/yii/framework/web/CBaseController.php:101
Stack trace:
#0 /Users/stevenrho/Documents/lifedom/webroot/yii/framework/web/widgets/CContentDecorator.php(76): CBaseController->renderFile('/Users/stevenrh...', Array, true)
#1 /Users/stevenrho/Documents/lifedom/webroot/yii/framework/web/widgets/CContentDecorator.php(54): CContentDecorator->decorate('<div id="conten...')
#2 /Users/stevenrho/Documents/lifedom/webroot/yii/framework/web/widgets/COutputProcessor.php(44): CContentDecorator->processOutput('<div id="conten...')
#3 /Users/stevenrho/Documents/lifedom/webroot/yii/framework/web/CBaseController.php(206): COutputProcessor->run()
#4 /Users/stevenrho/Documents/lifedom/webroot/yii/framework/web/CBaseController.php(300): CBaseController->endWidget('CContentDecorat...')
#5 /Users/stevenrho/Documents/lifedom/webroot/lifedom/protected/views/layouts/column1.php(6): CBaseController->endContent()
#6 /Users/stevenrho/Documents/lifedom/webroot/yii/framework/web/CBaseController.php(126): require('/Users/stevenrh...')
#7 /Users/stevenrho/Documents/lifedom/webroot/yii/framework/web/CBaseController.php(95): CBaseController->renderInternal('/Users/stevenrh...', Array, true)
#8 /Users/stevenrho/Documents/lifedom/webroot/yii/framework/web/CController.php(784): CBaseController->renderFile('/Users/stevenrh...', Array, true)
#9 /Users/stevenrho/Documents/lifedom/webroot/lifedom/protected/controllers/SiteController.php(98): CController->render('login', Array)
#10 /Users/stevenrho/Documents/lifedom/webroot/yii/framework/web/actions/CInlineAction.php(49): SiteController->actionLogin()
#11 /Users/stevenrho/Documents/lifedom/webroot/yii/framework/web/CController.php(308): CInlineAction->runWithParams(Array)
#12 /Users/stevenrho/Documents/lifedom/webroot/yii/framework/web/CController.php(286): CController->runAction(Object(CInlineAction))
#13 /Users/stevenrho/Documents/lifedom/webroot/yii/framework/web/CController.php(265): CController->runActionWithFilters(Object(CInlineAction), Array)
#14 /Users/stevenrho/Documents/lifedom/webroot/yii/framework/web/CWebApplication.php(282): CController->run('login')
#15 /Users/stevenrho/Documents/lifedom/webroot/yii/framework/web/CWebApplication.php(141): CWebApplication->runController('site/login')
#16 /Users/stevenrho/Documents/lifedom/webroot/yii/framework/base/CApplication.php(180): CWebApplication->processRequest()
#17 /Users/stevenrho/Documents/lifedom/webroot/lifedom/index.php(13): CApplication->run()
#18 {main}
REQUEST_URI=/lifedom/index.php?r=site/login
HTTP_REFERER=http://localhost/lifedom/index.php?r=site/index
---
2014/06/16 10:36:25 [error] [exception.CException] exception 'CException' with message 'SiteController and its behaviors do not have a method or closure named "layout".' in /Users/stevenrho/Documents/lifedom/webroot/yii/framework/base/CComponent.php:266
Stack trace:
#0 /Users/stevenrho/Documents/lifedom/webroot/lifedom/protected/controllers/SiteController.php(33): CComponent->__call('layout', Array)
#1 /Users/stevenrho/Documents/lifedom/webroot/lifedom/protected/controllers/SiteController.php(33): SiteController->layout('//layouts/colum...')
#2 /Users/stevenrho/Documents/lifedom/webroot/yii/framework/web/actions/CInlineAction.php(49): SiteController->actionIndex()
#3 /Users/stevenrho/Documents/lifedom/webroot/yii/framework/web/CController.php(308): CInlineAction->runWithParams(Array)
#4 /Users/stevenrho/Documents/lifedom/webroot/yii/framework/web/CController.php(286): CController->runAction(Object(CInlineAction))
#5 /Users/stevenrho/Documents/lifedom/webroot/yii/framework/web/CController.php(265): CController->runActionWithFilters(Object(CInlineAction), Array)
#6 /Users/stevenrho/Documents/lifedom/webroot/yii/framework/web/CWebApplication.php(282): CController->run('')
#7 /Users/stevenrho/Documents/lifedom/webroot/yii/framework/web/CWebApplication.php(141): CWebApplication->runController('')
#8 /Users/stevenrho/Documents/lifedom/webroot/yii/framework/base/CApplication.php(180): CWebApplication->processRequest()
#9 /Users/stevenrho/Documents/lifedom/webroot/lifedom/index.php(13): CApplication->run()
#10 {main}
REQUEST_URI=/lifedom/index.php
HTTP_REFERER=http://localhost/lifedom/index.php?r=site/login
---
2014/06/16 10:39:17 [error] [exception.CException] exception 'CException' with message 'SiteController contains improperly nested widget tags in its view "/Users/stevenrho/Documents/lifedom/webroot/lifedom/protected/views//layouts/column2.php". A CContentDecorator widget does not have an endWidget() call.' in /Users/stevenrho/Documents/lifedom/webroot/yii/framework/web/CBaseController.php:101
Stack trace:
#0 /Users/stevenrho/Documents/lifedom/webroot/yii/framework/web/CController.php(784): CBaseController->renderFile('/Users/stevenrh...', Array, true)
#1 /Users/stevenrho/Documents/lifedom/webroot/lifedom/protected/controllers/SiteController.php(101): CController->render('login', Array)
#2 /Users/stevenrho/Documents/lifedom/webroot/yii/framework/web/actions/CInlineAction.php(49): SiteController->actionLogin()
#3 /Users/stevenrho/Documents/lifedom/webroot/yii/framework/web/CController.php(308): CInlineAction->runWithParams(Array)
#4 /Users/stevenrho/Documents/lifedom/webroot/yii/framework/web/CController.php(286): CController->runAction(Object(CInlineAction))
#5 /Users/stevenrho/Documents/lifedom/webroot/yii/framework/web/CController.php(265): CController->runActionWithFilters(Object(CInlineAction), Array)
#6 /Users/stevenrho/Documents/lifedom/webroot/yii/framework/web/CWebApplication.php(282): CController->run('login')
#7 /Users/stevenrho/Documents/lifedom/webroot/yii/framework/web/CWebApplication.php(141): CWebApplication->runController('site/login')
#8 /Users/stevenrho/Documents/lifedom/webroot/yii/framework/base/CApplication.php(180): CWebApplication->processRequest()
#9 /Users/stevenrho/Documents/lifedom/webroot/lifedom/index.php(13): CApplication->run()
#10 {main}
REQUEST_URI=/lifedom/index.php?r=site/login
HTTP_REFERER=http://localhost/lifedom/index.php
---
2014/06/16 10:51:27 [error] [exception.CException] exception 'CException' with message 'Property "CWebUser.first_name" is not defined.' in /Users/stevenrho/Documents/lifedom/webroot/yii/framework/base/CComponent.php:130
Stack trace:
#0 /Users/stevenrho/Documents/lifedom/webroot/yii/framework/web/auth/CWebUser.php(146): CComponent->__get('first_name')
#1 /Users/stevenrho/Documents/lifedom/webroot/lifedom/protected/views/site/index.php(7): CWebUser->__get('first_name')
#2 /Users/stevenrho/Documents/lifedom/webroot/yii/framework/web/CBaseController.php(126): require('/Users/stevenrh...')
#3 /Users/stevenrho/Documents/lifedom/webroot/yii/framework/web/CBaseController.php(95): CBaseController->renderInternal('/Users/stevenrh...', NULL, true)
#4 /Users/stevenrho/Documents/lifedom/webroot/yii/framework/web/CController.php(869): CBaseController->renderFile('/Users/stevenrh...', NULL, true)
#5 /Users/stevenrho/Documents/lifedom/webroot/yii/framework/web/CController.php(782): CController->renderPartial('index', NULL, true)
#6 /Users/stevenrho/Documents/lifedom/webroot/lifedom/protected/controllers/SiteController.php(34): CController->render('index')
#7 /Users/stevenrho/Documents/lifedom/webroot/yii/framework/web/actions/CInlineAction.php(49): SiteController->actionIndex()
#8 /Users/stevenrho/Documents/lifedom/webroot/yii/framework/web/CController.php(308): CInlineAction->runWithParams(Array)
#9 /Users/stevenrho/Documents/lifedom/webroot/yii/framework/web/CController.php(286): CController->runAction(Object(CInlineAction))
#10 /Users/stevenrho/Documents/lifedom/webroot/yii/framework/web/CController.php(265): CController->runActionWithFilters(Object(CInlineAction), Array)
#11 /Users/stevenrho/Documents/lifedom/webroot/yii/framework/web/CWebApplication.php(282): CController->run('index')
#12 /Users/stevenrho/Documents/lifedom/webroot/yii/framework/web/CWebApplication.php(141): CWebApplication->runController('site/index')
#13 /Users/stevenrho/Documents/lifedom/webroot/yii/framework/base/CApplication.php(180): CWebApplication->processRequest()
#14 /Users/stevenrho/Documents/lifedom/webroot/lifedom/index.php(13): CApplication->run()
#15 {main}
REQUEST_URI=/lifedom/index.php?r=site/index
HTTP_REFERER=http://localhost/lifedom/index.php?r=post/admin
---
2014/06/16 11:00:06 [error] [php] htmlspecialchars() expects parameter 1 to be string, array given (/Users/stevenrho/Documents/lifedom/webroot/yii/framework/web/helpers/CHtml.php:103)
Stack trace:
#0 /Users/stevenrho/Documents/lifedom/webroot/yii/framework/web/CBaseController.php(126): require()
#1 /Users/stevenrho/Documents/lifedom/webroot/yii/framework/web/CBaseController.php(95): SiteController->renderInternal()
#2 /Users/stevenrho/Documents/lifedom/webroot/yii/framework/web/widgets/CContentDecorator.php(76): SiteController->renderFile()
#3 /Users/stevenrho/Documents/lifedom/webroot/yii/framework/web/widgets/CContentDecorator.php(54): CContentDecorator->decorate()
#4 /Users/stevenrho/Documents/lifedom/webroot/yii/framework/web/widgets/COutputProcessor.php(44): CContentDecorator->processOutput()
#5 /Users/stevenrho/Documents/lifedom/webroot/yii/framework/web/CBaseController.php(206): CContentDecorator->run()
#6 /Users/stevenrho/Documents/lifedom/webroot/yii/framework/web/CBaseController.php(300): SiteController->endWidget()
#7 /Users/stevenrho/Documents/lifedom/webroot/lifedom/protected/views/layouts/column2.php(13): SiteController->endContent()
#8 /Users/stevenrho/Documents/lifedom/webroot/yii/framework/web/CBaseController.php(126): require()
#9 /Users/stevenrho/Documents/lifedom/webroot/yii/framework/web/CBaseController.php(95): SiteController->renderInternal()
#10 /Users/stevenrho/Documents/lifedom/webroot/yii/framework/web/CController.php(784): SiteController->renderFile()
#11 /Users/stevenrho/Documents/lifedom/webroot/lifedom/protected/controllers/SiteController.php(34): SiteController->render()
#12 /Users/stevenrho/Documents/lifedom/webroot/yii/framework/web/actions/CInlineAction.php(49): SiteController->actionIndex()
#13 /Users/stevenrho/Documents/lifedom/webroot/yii/framework/web/CController.php(308): CInlineAction->runWithParams()
#14 /Users/stevenrho/Documents/lifedom/webroot/yii/framework/web/CController.php(286): SiteController->runAction()
#15 /Users/stevenrho/Documents/lifedom/webroot/yii/framework/web/CController.php(265): SiteController->runActionWithFilters()
#16 /Users/stevenrho/Documents/lifedom/webroot/yii/framework/web/CWebApplication.php(282): SiteController->run()
#17 /Users/stevenrho/Documents/lifedom/webroot/yii/framework/web/CWebApplication.php(141): CWebApplication->runController()
#18 /Users/stevenrho/Documents/lifedom/webroot/yii/framework/base/CApplication.php(180): CWebApplication->processRequest()
#19 /Users/stevenrho/Documents/lifedom/webroot/lifedom/index.php(13): CWebApplication->run()
REQUEST_URI=/lifedom/index.php?r=site/index
in /Users/stevenrho/Documents/lifedom/webroot/lifedom/protected/views/layouts/main.php (18)
in /Users/stevenrho/Documents/lifedom/webroot/lifedom/protected/views/layouts/column2.php (13)
in /Users/stevenrho/Documents/lifedom/webroot/lifedom/protected/controllers/SiteController.php (34)
2014/06/16 11:09:03 [error] [exception.CHttpException.404] exception 'CHttpException' with message 'The system is unable to find the requested action "create.php".' in /Users/stevenrho/Documents/lifedom/webroot/yii/framework/web/CController.php:483
Stack trace:
#0 /Users/stevenrho/Documents/lifedom/webroot/yii/framework/web/CController.php(270): CController->missingAction('create.php')
#1 /Users/stevenrho/Documents/lifedom/webroot/yii/framework/web/CWebApplication.php(282): CController->run('create.php')
#2 /Users/stevenrho/Documents/lifedom/webroot/yii/framework/web/CWebApplication.php(141): CWebApplication->runController('user/create.php')
#3 /Users/stevenrho/Documents/lifedom/webroot/yii/framework/base/CApplication.php(180): CWebApplication->processRequest()
#4 /Users/stevenrho/Documents/lifedom/webroot/lifedom/index.php(13): CApplication->run()
#5 {main}
REQUEST_URI=/lifedom/index.php?r=user/create.php
---
2014/06/16 11:10:03 [error] [exception.CHttpException.404] exception 'CHttpException' with message 'The system is unable to find the requested action "create.php".' in /Users/stevenrho/Documents/lifedom/webroot/yii/framework/web/CController.php:483
Stack trace:
#0 /Users/stevenrho/Documents/lifedom/webroot/yii/framework/web/CController.php(270): CController->missingAction('create.php')
#1 /Users/stevenrho/Documents/lifedom/webroot/yii/framework/web/CWebApplication.php(282): CController->run('create.php')
#2 /Users/stevenrho/Documents/lifedom/webroot/yii/framework/web/CWebApplication.php(141): CWebApplication->runController('user/create.php')
#3 /Users/stevenrho/Documents/lifedom/webroot/yii/framework/base/CApplication.php(180): CWebApplication->processRequest()
#4 /Users/stevenrho/Documents/lifedom/webroot/lifedom/index.php(13): CApplication->run()
#5 {main}
REQUEST_URI=/lifedom/index.php?r=user/create.php
---
